<html>
<head>
<title>TestNG:  Test</title>
<link href="../testng.css" rel="stylesheet" type="text/css" />
<link href="../my-testng.css" rel="stylesheet" type="text/css" />

<style type="text/css">
.log { display: none;} 
.stack-trace { display: none;} 
</style>
<script type="text/javascript">
<!--
function flip(e) {
  current = e.style.display;
  if (current == 'block') {
    e.style.display = 'none';
    return 0;
  }
  else {
    e.style.display = 'block';
    return 1;
  }
}

function toggleBox(szDivId, elem, msg1, msg2)
{
  var res = -1;  if (document.getElementById) {
    res = flip(document.getElementById(szDivId));
  }
  else if (document.all) {
    // this is the way old msie versions work
    res = flip(document.all[szDivId]);
  }
  if(elem) {
    if(res == 0) elem.innerHTML = msg1; else elem.innerHTML = msg2;
  }

}

function toggleAllBoxes() {
  if (document.getElementsByTagName) {
    d = document.getElementsByTagName('div');
    for (i = 0; i < d.length; i++) {
      if (d[i].className == 'log') {
        flip(d[i]);
      }
    }
  }
}

// -->
</script>

</head>
<body>
<h2 align='center'>Test</h2><table border='1' align="center">
<tr>
<td>Tests passed/Failed/Skipped:</td><td>17/1/0</td>
</tr><tr>
<td>Started on:</td><td>Fri Sep 08 21:24:26 EDT 2023</td>
</tr>
<tr><td>Total time:</td><td>237 seconds (237888 ms)</td>
</tr><tr>
<td>Included groups:</td><td></td>
</tr><tr>
<td>Excluded groups:</td><td></td>
</tr>
</table><p/>
<small><i>(Hover the method name to see the test class name)</i></small><p/>
<table width='100%' border='1' class='invocation-failed'>
<tr><td colspan='4' align='center'><b>FAILED TESTS</b></td></tr>
<tr><td><b>Test method</b></td>
<td width="30%"><b>Exception</b></td>
<td width="10%"><b>Time (seconds)</b></td>
<td><b>Instance</b></td>
</tr>
<tr>
<td title='tests.NavLoginTest.GenPredPasswordError()'><b>GenPredPasswordError</b><br>Test class: tests.NavLoginTest</td>
<td><div><pre>org.openqa.selenium.NoSuchElementException: Unable to locate element: #InputIdentityFlowValue
For documentation on this error, please visit: https://www.selenium.dev/documentation/webdriver/troubleshooting/errors#no-such-element-exception
Build info: version: &apos;4.10.0&apos;, revision: &apos;c14d967899&apos;
System info: os.name: &apos;Mac OS X&apos;, os.arch: &apos;x86_64&apos;, os.version: &apos;13.5&apos;, java.version: &apos;17.0.7&apos;
Driver info: org.openqa.selenium.firefox.FirefoxDriver
Command: [be3ff72f-d46c-4f25-ae94-ad1ec6749258, findElement {using=id, value=InputIdentityFlowValue}]
Capabilities {acceptInsecureCerts: true, browserName: firefox, browserVersion: 115.0.3, moz:accessibilityChecks: false, moz:buildID: 20230726201356, moz:debuggerAddress: 127.0.0.1:44793, moz:geckodriverVersion: 0.33.0, moz:headless: false, moz:platformVersion: 22.6.0, moz:processID: 12103, moz:profile: /var/folders/y8/zjbdc8b17zl..., moz:shutdownTimeout: 60000, moz:useNonSpecCompliantPointerOrigin: false, moz:webdriverClick: true, moz:windowless: false, pageLoadStrategy: normal, platformName: mac, proxy: Proxy(), se:cdp: ws://127.0.0.1:44793/devtoo..., se:cdpVersion: 85.0, setWindowRect: true, strictFileInteractability: false, timeouts: {implicit: 0, pageLoad: 300000, script: 30000}, unhandledPromptBehavior: dismiss and notify}
Session ID: be3ff72f-d46c-4f25-ae94-ad1ec6749258
	at org.openqa.selenium.remote.codec.w3c.W3CHttpResponseCodec.createException(W3CHttpResponseCodec.java:199)
	at org.openqa.selenium.remote.codec.w3c.W3CHttpResponseCodec.decode(W3CHttpResponseCodec.java:132)
	at org.openqa.selenium.remote.codec.w3c.W3CHttpResponseCodec.decode(W3CHttpResponseCodec.java:51)
	at org.openqa.selenium.remote.HttpCommandExecutor.execute(HttpCommandExecutor.java:191)
	at org.openqa.selenium.remote.service.DriverCommandExecutor.invokeExecute(DriverCommandExecutor.java:196)
	at org.openqa.selenium.remote.service.DriverCommandExecutor.execute(DriverCommandExecutor.java:171)
	at org.openqa.selenium.remote.RemoteWebDriver.execute(RemoteWebDriver.java:531)
	at org.openqa.selenium.remote.ElementLocation$ElementFinder$2.findElement(ElementLocation.java:165)
	at org.openqa.selenium.remote.ElementLocation.findElement(ElementLocation.java:59)
	at org.openqa.selenium.remote.RemoteWebDriver.findElement(RemoteWebDriver.java:350)
	at org.openqa.selenium.remote.RemoteWebDriver.findElement(RemoteWebDriver.java:344)
	at org.openqa.selenium.support.pagefactory.DefaultElementLocator.findElement(DefaultElementLocator.java:68)
	at org.openqa.selenium.support.pagefactory.internal.LocatingElementHandler.invoke(LocatingElementHandler.java:38)
	at jdk.proxy2/jdk.proxy2.$Proxy16.sendKeys(Unknown Source)
	at pages.NavLoginPage.AddInputValueToEmail(NavLoginPage.java:68)
	at pages.NavLoginPage.Login(NavLoginPage.java:83)
	at tests.NavLoginTest.GenPredPasswordError(NavLoginTest.java:92)
	at java.base/java.util.ArrayList.forEach(ArrayList.java:1511)
... Removed 32 stack frames</pre></div><a href='#' onClick='toggleBox("stack-trace1260955583", this, "Click to show all stack frames", "Click to hide stack frames")'>Click to show all stack frames</a>
<div class='stack-trace' id='stack-trace1260955583'><pre>org.openqa.selenium.NoSuchElementException: Unable to locate element: #InputIdentityFlowValue
For documentation on this error, please visit: https://www.selenium.dev/documentation/webdriver/troubleshooting/errors#no-such-element-exception
Build info: version: &apos;4.10.0&apos;, revision: &apos;c14d967899&apos;
System info: os.name: &apos;Mac OS X&apos;, os.arch: &apos;x86_64&apos;, os.version: &apos;13.5&apos;, java.version: &apos;17.0.7&apos;
Driver info: org.openqa.selenium.firefox.FirefoxDriver
Command: [be3ff72f-d46c-4f25-ae94-ad1ec6749258, findElement {using=id, value=InputIdentityFlowValue}]
Capabilities {acceptInsecureCerts: true, browserName: firefox, browserVersion: 115.0.3, moz:accessibilityChecks: false, moz:buildID: 20230726201356, moz:debuggerAddress: 127.0.0.1:44793, moz:geckodriverVersion: 0.33.0, moz:headless: false, moz:platformVersion: 22.6.0, moz:processID: 12103, moz:profile: /var/folders/y8/zjbdc8b17zl..., moz:shutdownTimeout: 60000, moz:useNonSpecCompliantPointerOrigin: false, moz:webdriverClick: true, moz:windowless: false, pageLoadStrategy: normal, platformName: mac, proxy: Proxy(), se:cdp: ws://127.0.0.1:44793/devtoo..., se:cdpVersion: 85.0, setWindowRect: true, strictFileInteractability: false, timeouts: {implicit: 0, pageLoad: 300000, script: 30000}, unhandledPromptBehavior: dismiss and notify}
Session ID: be3ff72f-d46c-4f25-ae94-ad1ec6749258
	at java.base/jdk.internal.reflect.NativeConstructorAccessorImpl.newInstance0(Native Method)
	at java.base/jdk.internal.reflect.NativeConstructorAccessorImpl.newInstance(NativeConstructorAccessorImpl.java:77)
	at java.base/jdk.internal.reflect.DelegatingConstructorAccessorImpl.newInstance(DelegatingConstructorAccessorImpl.java:45)
	at java.base/java.lang.reflect.Constructor.newInstanceWithCaller(Constructor.java:499)
	at java.base/java.lang.reflect.Constructor.newInstance(Constructor.java:480)
	at org.openqa.selenium.remote.codec.w3c.W3CHttpResponseCodec.createException(W3CHttpResponseCodec.java:199)
	at org.openqa.selenium.remote.codec.w3c.W3CHttpResponseCodec.decode(W3CHttpResponseCodec.java:132)
	at org.openqa.selenium.remote.codec.w3c.W3CHttpResponseCodec.decode(W3CHttpResponseCodec.java:51)
	at org.openqa.selenium.remote.HttpCommandExecutor.execute(HttpCommandExecutor.java:191)
	at org.openqa.selenium.remote.service.DriverCommandExecutor.invokeExecute(DriverCommandExecutor.java:196)
	at org.openqa.selenium.remote.service.DriverCommandExecutor.execute(DriverCommandExecutor.java:171)
	at org.openqa.selenium.remote.RemoteWebDriver.execute(RemoteWebDriver.java:531)
	at org.openqa.selenium.remote.ElementLocation$ElementFinder$2.findElement(ElementLocation.java:165)
	at org.openqa.selenium.remote.ElementLocation.findElement(ElementLocation.java:59)
	at org.openqa.selenium.remote.RemoteWebDriver.findElement(RemoteWebDriver.java:350)
	at org.openqa.selenium.remote.RemoteWebDriver.findElement(RemoteWebDriver.java:344)
	at org.openqa.selenium.support.pagefactory.DefaultElementLocator.findElement(DefaultElementLocator.java:68)
	at org.openqa.selenium.support.pagefactory.internal.LocatingElementHandler.invoke(LocatingElementHandler.java:38)
	at jdk.proxy2/jdk.proxy2.$Proxy16.sendKeys(Unknown Source)
	at pages.NavLoginPage.AddInputValueToEmail(NavLoginPage.java:68)
	at pages.NavLoginPage.Login(NavLoginPage.java:83)
	at tests.NavLoginTest.GenPredPasswordError(NavLoginTest.java:92)
	at java.base/jdk.internal.reflect.NativeMethodAccessorImpl.invoke0(Native Method)
	at java.base/jdk.internal.reflect.NativeMethodAccessorImpl.invoke(NativeMethodAccessorImpl.java:77)
	at java.base/jdk.internal.reflect.DelegatingMethodAccessorImpl.invoke(DelegatingMethodAccessorImpl.java:43)
	at java.base/java.lang.reflect.Method.invoke(Method.java:568)
	at org.testng.internal.MethodInvocationHelper.invokeMethod(MethodInvocationHelper.java:133)
	at org.testng.internal.TestInvoker.invokeMethod(TestInvoker.java:584)
	at org.testng.internal.TestInvoker.invokeTestMethod(TestInvoker.java:172)
	at org.testng.internal.MethodRunner.runInSequence(MethodRunner.java:46)
	at org.testng.internal.TestInvoker$MethodInvocationAgent.invoke(TestInvoker.java:804)
	at org.testng.internal.TestInvoker.invokeTestMethods(TestInvoker.java:145)
	at org.testng.internal.TestMethodWorker.invokeTestMethods(TestMethodWorker.java:146)
	at org.testng.internal.TestMethodWorker.run(TestMethodWorker.java:128)
	at java.base/java.util.ArrayList.forEach(ArrayList.java:1511)
	at org.testng.TestRunner.privateRun(TestRunner.java:770)
	at org.testng.TestRunner.run(TestRunner.java:591)
	at org.testng.SuiteRunner.runTest(SuiteRunner.java:402)
	at org.testng.SuiteRunner.runSequentially(SuiteRunner.java:396)
	at org.testng.SuiteRunner.privateRun(SuiteRunner.java:355)
	at org.testng.SuiteRunner.run(SuiteRunner.java:304)
	at org.testng.SuiteRunnerWorker.runSuite(SuiteRunnerWorker.java:53)
	at org.testng.SuiteRunnerWorker.run(SuiteRunnerWorker.java:96)
	at org.testng.TestNG.runSuitesSequentially(TestNG.java:1180)
	at org.testng.TestNG.runSuitesLocally(TestNG.java:1102)
	at org.testng.TestNG.runSuites(TestNG.java:1032)
	at org.testng.TestNG.run(TestNG.java:1000)
	at org.testng.remote.AbstractRemoteTestNG.run(AbstractRemoteTestNG.java:115)
	at org.testng.remote.RemoteTestNG.initAndRun(RemoteTestNG.java:251)
	at org.testng.remote.RemoteTestNG.main(RemoteTestNG.java:77)
</pre></div></td>
<td>22</td>
<td>tests.NavLoginTest@21b2e768</td></tr>
</table><p>
<table width='100%' border='1' class='invocation-passed'>
<tr><td colspan='4' align='center'><b>PASSED TESTS</b></td></tr>
<tr><td><b>Test method</b></td>
<td width="30%"><b>Exception</b></td>
<td width="10%"><b>Time (seconds)</b></td>
<td><b>Instance</b></td>
</tr>
<tr>
<td title='tests.LandingTest.ClickSignUpAndChangeCountry()'><b>ClickSignUpAndChangeCountry</b><br>Test class: tests.LandingTest</td>
<td></td>
<td>1</td>
<td>tests.LandingTest@6a03bcb1</td></tr>
<tr>
<td title='tests.NavLoginTest.GenFirstNameError()'><b>GenFirstNameError</b><br>Test class: tests.NavLoginTest</td>
<td></td>
<td>8</td>
<td>tests.NavLoginTest@21b2e768</td></tr>
<tr>
<td title='tests.NavLoginTest.GenLastNameError()'><b>GenLastNameError</b><br>Test class: tests.NavLoginTest</td>
<td></td>
<td>8</td>
<td>tests.NavLoginTest@21b2e768</td></tr>
<tr>
<td title='tests.NavLoginTest.GenPasswordError()'><b>GenPasswordError</b><br>Test class: tests.NavLoginTest</td>
<td></td>
<td>8</td>
<td>tests.NavLoginTest@21b2e768</td></tr>
<tr>
<td title='tests.NavLoginTest.GenShortPasswordError()'><b>GenShortPasswordError</b><br>Test class: tests.NavLoginTest</td>
<td></td>
<td>8</td>
<td>tests.NavLoginTest@21b2e768</td></tr>
<tr>
<td title='tests.LandingTest.GetTitle()'><b>GetTitle</b><br>Test class: tests.LandingTest</td>
<td></td>
<td>0</td>
<td>tests.LandingTest@6a03bcb1</td></tr>
<tr>
<td title='tests.NavLetterTest.GetTitle()'><b>GetTitle</b><br>Test class: tests.NavLetterTest</td>
<td></td>
<td>2</td>
<td>tests.NavLetterTest@5609159b</td></tr>
<tr>
<td title='tests.NavLoginTest.LoginWithError()'><b>LoginWithError</b><br>Test class: tests.NavLoginTest</td>
<td></td>
<td>5</td>
<td>tests.NavLoginTest@21b2e768</td></tr>
<tr>
<td title='tests.NavSearchTest.SearchValuesFive()'><b>SearchValuesFive</b><br>Test class: tests.NavSearchTest</td>
<td></td>
<td>9</td>
<td>tests.NavSearchTest@57250572</td></tr>
<tr>
<td title='tests.NavSearchTest.SearchValuesFour()'><b>SearchValuesFour</b><br>Test class: tests.NavSearchTest</td>
<td></td>
<td>9</td>
<td>tests.NavSearchTest@57250572</td></tr>
<tr>
<td title='tests.NavSearchTest.SearchValuesOne()'><b>SearchValuesOne</b><br>Test class: tests.NavSearchTest</td>
<td></td>
<td>6</td>
<td>tests.NavSearchTest@57250572</td></tr>
<tr>
<td title='tests.NavSearchTest.SearchValuesThree()'><b>SearchValuesThree</b><br>Test class: tests.NavSearchTest</td>
<td></td>
<td>10</td>
<td>tests.NavSearchTest@57250572</td></tr>
<tr>
<td title='tests.NavSearchTest.SearchValuesTwo()'><b>SearchValuesTwo</b><br>Test class: tests.NavSearchTest</td>
<td></td>
<td>11</td>
<td>tests.NavSearchTest@57250572</td></tr>
<tr>
<td title='tests.LandingTest.SwipeRight()'><b>SwipeRight</b><br>Test class: tests.LandingTest</td>
<td></td>
<td>1</td>
<td>tests.LandingTest@6a03bcb1</td></tr>
<tr>
<td title='tests.LandingTest.SwipeSecond()'><b>SwipeSecond</b><br>Test class: tests.LandingTest</td>
<td></td>
<td>1</td>
<td>tests.LandingTest@6a03bcb1</td></tr>
<tr>
<td title='tests.LandingTest.SwipeThird()'><b>SwipeThird</b><br>Test class: tests.LandingTest</td>
<td></td>
<td>0</td>
<td>tests.LandingTest@6a03bcb1</td></tr>
<tr>
<td title='tests.LandingTest.playVid()'><b>playVid</b><br>Test class: tests.LandingTest</td>
<td></td>
<td>0</td>
<td>tests.LandingTest@6a03bcb1</td></tr>
</table><p>
</body>
</html>