<?xml version="1.0" encoding="UTF-8"?>
<!-- Generated by org.testng.reporters.JUnitXMLReporter -->
<testsuite ignored="0" hostname="Raashids-MacBook-Air.local" failures="1" tests="18" name="Test" time="166.929" errors="0" timestamp="2023-09-09T16:45:19 EDT">
  <testcase classname="tests.LandingTest" name="playVid" time="0.737"/>
  <testcase classname="tests.LandingTest" name="ClickSignUpAndChangeCountry" time="1.549"/>
  <testcase classname="tests.LandingTest" name="SwipeRight" time="1.148"/>
  <testcase classname="tests.LandingTest" name="SwipeSecond" time="1.181"/>
  <testcase classname="tests.LandingTest" name="SwipeThird" time="1.397"/>
  <testcase classname="tests.LandingTest" name="GetTitle" time="0.488"/>
  <testcase classname="tests.NavLoginTest" name="LoginWithError" time="0.88"/>
  <testcase classname="tests.NavLoginTest" name="GenFirstNameError" time="5.611">
    <failure type="org.openqa.selenium.TimeoutException" message="Expected condition failed: waiting for visibility of [[FirefoxDriver: firefox on mac (b05cfa7e-ecd8-44bc-99cb-fd3864110c73)] -&amp;gt; id: oneid-iframe] (tried for 4 second(s) with 500 milliseconds interval)
Build info: version: &amp;apos;4.10.0&amp;apos;, revision: &amp;apos;c14d967899&amp;apos;
System info: os.name: &amp;apos;Mac OS X&amp;apos;, os.arch: &amp;apos;x86_64&amp;apos;, os.version: &amp;apos;13.5&amp;apos;, java.version: &amp;apos;17.0.7&amp;apos;
Driver info: org.openqa.selenium.firefox.FirefoxDriver
Capabilities {acceptInsecureCerts: true, browserName: firefox, browserVersion: 115.0.3, moz:accessibilityChecks: false, moz:buildID: 20230726201356, moz:debuggerAddress: 127.0.0.1:18517, moz:geckodriverVersion: 0.33.0, moz:headless: false, moz:platformVersion: 22.6.0, moz:processID: 19311, moz:profile: /var/folders/y8/zjbdc8b17zl..., moz:shutdownTimeout: 60000, moz:useNonSpecCompliantPointerOrigin: false, moz:webdriverClick: true, moz:windowless: false, pageLoadStrategy: normal, platformName: mac, proxy: Proxy(), se:cdp: ws://127.0.0.1:18517/devtoo..., se:cdpVersion: 85.0, setWindowRect: true, strictFileInteractability: false, timeouts: {implicit: 0, pageLoad: 300000, script: 30000}, unhandledPromptBehavior: dismiss and notify}">
      <![CDATA[org.openqa.selenium.TimeoutException: Expected condition failed: waiting for visibility of [[FirefoxDriver: firefox on mac (b05cfa7e-ecd8-44bc-99cb-fd3864110c73)] -> id: oneid-iframe] (tried for 4 second(s) with 500 milliseconds interval)
Build info: version: '4.10.0', revision: 'c14d967899'
System info: os.name: 'Mac OS X', os.arch: 'x86_64', os.version: '13.5', java.version: '17.0.7'
Driver info: org.openqa.selenium.firefox.FirefoxDriver
Capabilities {acceptInsecureCerts: true, browserName: firefox, browserVersion: 115.0.3, moz:accessibilityChecks: false, moz:buildID: 20230726201356, moz:debuggerAddress: 127.0.0.1:18517, moz:geckodriverVersion: 0.33.0, moz:headless: false, moz:platformVersion: 22.6.0, moz:processID: 19311, moz:profile: /var/folders/y8/zjbdc8b17zl..., moz:shutdownTimeout: 60000, moz:useNonSpecCompliantPointerOrigin: false, moz:webdriverClick: true, moz:windowless: false, pageLoadStrategy: normal, platformName: mac, proxy: Proxy(), se:cdp: ws://127.0.0.1:18517/devtoo..., se:cdpVersion: 85.0, setWindowRect: true, strictFileInteractability: false, timeouts: {implicit: 0, pageLoad: 300000, script: 30000}, unhandledPromptBehavior: dismiss and notify}
at org.openqa.selenium.support.ui.WebDriverWait.timeoutException(WebDriverWait.java:84)
at org.openqa.selenium.support.ui.FluentWait.until(FluentWait.java:230)
at pages.NavLoginPage.Login(NavLoginPage.java:79)
at tests.NavLoginTest.GenFirstNameError(NavLoginTest.java:45)
at java.base/java.util.ArrayList.forEach(ArrayList.java:1511)
... Removed 27 stack frames]]>
    </failure>
  </testcase> <!-- GenFirstNameError -->
  <testcase classname="tests.NavLoginTest" name="GenLastNameError" time="1.664"/>
  <testcase classname="tests.NavLoginTest" name="GenPasswordError" time="1.93"/>
  <testcase classname="tests.NavLoginTest" name="GenPredPasswordError" time="1.667"/>
  <testcase classname="tests.NavLoginTest" name="GenShortPasswordError" time="1.668"/>
  <testcase classname="tests.NavSearchTest" name="SearchValuesOne" time="2.565"/>
  <testcase classname="tests.NavSearchTest" name="SearchValuesTwo" time="6.925"/>
  <testcase classname="tests.NavSearchTest" name="SearchValuesThree" time="5.649"/>
  <testcase classname="tests.NavSearchTest" name="SearchValuesFour" time="6.825"/>
  <testcase classname="tests.NavSearchTest" name="SearchValuesFive" time="6.874"/>
  <testcase classname="tests.NavLetterTest" name="GetTitle" time="2.799"/>
</testsuite> <!-- Test -->
